<?xml version="1.0" encoding="UTF-8"?>
<!-- Generated by org.testng.reporters.JUnitXMLReporter -->
<testsuite ignored="0" hostname="01HW1781033" failures="0" tests="15" name="Surefire test" time="0.074" errors="0" timestamp="2024-04-27T00:17:45 IST">
  <testcase classname="CriticalTest" name="Regression1" time="0.004"/>
  <testcase classname="CriticalTest" name="Regression2" time="0.0"/>
  <testcase classname="CriticalTest" name="Regression3" time="0.001"/>
  <testcase classname="CriticalTest" name="Regression4" time="0.001"/>
  <testcase classname="CriticalTest" name="Regression5" time="0.0"/>
  <testcase classname="SanityTest" name="Regression1" time="0.002"/>
  <testcase classname="SanityTest" name="Regression2" time="0.001"/>
  <testcase classname="SanityTest" name="Regression3" time="0.001"/>
  <testcase classname="SanityTest" name="Regression4" time="0.001"/>
  <testcase classname="SanityTest" name="Regression5" time="0.0"/>
  <testcase classname="SmokeTest" name="Regression1" time="0.0"/>
  <testcase classname="SmokeTest" name="Regression2" time="0.001"/>
  <testcase classname="SmokeTest" name="Regression3" time="0.001"/>
  <testcase classname="SmokeTest" name="Regression4" time="0.001"/>
  <testcase classname="SmokeTest" name="Regression5" time="0.001"/>
</testsuite> <!-- Surefire test -->
