<?xml version="1.0" encoding="UTF-8"?>
<testng-results ignored="0" total="15" passed="15" failed="0" skipped="0">
  <reporter-output>
  </reporter-output>
  <suite started-at="2024-04-27T00:17:45 IST" name="Surefire suite" finished-at="2024-04-27T00:17:45 IST" duration-ms="74">
    <groups>
    </groups>
    <test started-at="2024-04-27T00:17:45 IST" name="Surefire test" finished-at="2024-04-27T00:17:45 IST" duration-ms="74">
      <class name="SmokeTest">
        <test-method signature="Regression1()[pri:0, instance:SmokeTest@45018215]" started-at="2024-04-27T00:17:45 IST" name="Regression1" finished-at="2024-04-27T00:17:45 IST" duration-ms="0" status="PASS">
          <reporter-output>
          </reporter-output>
        </test-method> <!-- Regression1 -->
        <test-method signature="Regression2()[pri:0, instance:SmokeTest@45018215]" started-at="2024-04-27T00:17:45 IST" name="Regression2" finished-at="2024-04-27T00:17:45 IST" duration-ms="1" status="PASS">
          <reporter-output>
          </reporter-output>
        </test-method> <!-- Regression2 -->
        <test-method signature="Regression3()[pri:0, instance:SmokeTest@45018215]" started-at="2024-04-27T00:17:45 IST" name="Regression3" finished-at="2024-04-27T00:17:45 IST" duration-ms="1" status="PASS">
          <reporter-output>
          </reporter-output>
        </test-method> <!-- Regression3 -->
        <test-method signature="Regression4()[pri:0, instance:SmokeTest@45018215]" started-at="2024-04-27T00:17:45 IST" name="Regression4" finished-at="2024-04-27T00:17:45 IST" duration-ms="1" status="PASS">
          <reporter-output>
          </reporter-output>
        </test-method> <!-- Regression4 -->
        <test-method signature="Regression5()[pri:0, instance:SmokeTest@45018215]" started-at="2024-04-27T00:17:45 IST" name="Regression5" finished-at="2024-04-27T00:17:45 IST" duration-ms="1" status="PASS">
          <reporter-output>
          </reporter-output>
        </test-method> <!-- Regression5 -->
      </class> <!-- SmokeTest -->
      <class name="SanityTest">
        <test-method signature="Regression1()[pri:0, instance:SanityTest@7219ec67]" started-at="2024-04-27T00:17:45 IST" name="Regression1" finished-at="2024-04-27T00:17:45 IST" duration-ms="2" status="PASS">
          <reporter-output>
          </reporter-output>
        </test-method> <!-- Regression1 -->
        <test-method signature="Regression2()[pri:0, instance:SanityTest@7219ec67]" started-at="2024-04-27T00:17:45 IST" name="Regression2" finished-at="2024-04-27T00:17:45 IST" duration-ms="1" status="PASS">
          <reporter-output>
          </reporter-output>
        </test-method> <!-- Regression2 -->
        <test-method signature="Regression3()[pri:0, instance:SanityTest@7219ec67]" started-at="2024-04-27T00:17:45 IST" name="Regression3" finished-at="2024-04-27T00:17:45 IST" duration-ms="1" status="PASS">
          <reporter-output>
          </reporter-output>
        </test-method> <!-- Regression3 -->
        <test-method signature="Regression4()[pri:0, instance:SanityTest@7219ec67]" started-at="2024-04-27T00:17:45 IST" name="Regression4" finished-at="2024-04-27T00:17:45 IST" duration-ms="1" status="PASS">
          <reporter-output>
          </reporter-output>
        </test-method> <!-- Regression4 -->
        <test-method signature="Regression5()[pri:0, instance:SanityTest@7219ec67]" started-at="2024-04-27T00:17:45 IST" name="Regression5" finished-at="2024-04-27T00:17:45 IST" duration-ms="0" status="PASS">
          <reporter-output>
          </reporter-output>
        </test-method> <!-- Regression5 -->
      </class> <!-- SanityTest -->
      <class name="CriticalTest">
        <test-method signature="Regression1()[pri:0, instance:CriticalTest@3b07a0d6]" started-at="2024-04-27T00:17:45 IST" name="Regression1" finished-at="2024-04-27T00:17:45 IST" duration-ms="4" status="PASS">
          <reporter-output>
          </reporter-output>
        </test-method> <!-- Regression1 -->
        <test-method signature="Regression2()[pri:0, instance:CriticalTest@3b07a0d6]" started-at="2024-04-27T00:17:45 IST" name="Regression2" finished-at="2024-04-27T00:17:45 IST" duration-ms="0" status="PASS">
          <reporter-output>
          </reporter-output>
        </test-method> <!-- Regression2 -->
        <test-method signature="Regression3()[pri:0, instance:CriticalTest@3b07a0d6]" started-at="2024-04-27T00:17:45 IST" name="Regression3" finished-at="2024-04-27T00:17:45 IST" duration-ms="1" status="PASS">
          <reporter-output>
          </reporter-output>
        </test-method> <!-- Regression3 -->
        <test-method signature="Regression4()[pri:0, instance:CriticalTest@3b07a0d6]" started-at="2024-04-27T00:17:45 IST" name="Regression4" finished-at="2024-04-27T00:17:45 IST" duration-ms="1" status="PASS">
          <reporter-output>
          </reporter-output>
        </test-method> <!-- Regression4 -->
        <test-method signature="Regression5()[pri:0, instance:CriticalTest@3b07a0d6]" started-at="2024-04-27T00:17:45 IST" name="Regression5" finished-at="2024-04-27T00:17:45 IST" duration-ms="0" status="PASS">
          <reporter-output>
          </reporter-output>
        </test-method> <!-- Regression5 -->
      </class> <!-- CriticalTest -->
    </test> <!-- Surefire test -->
  </suite> <!-- Surefire suite -->
</testng-results>
