<?xml version="1.0" encoding="UTF-8"?>
<testng-results ignored="0" total="1" passed="1" failed="0" skipped="0">
  <reporter-output>
  </reporter-output>
  <suite started-at="2024-04-27T01:57:32 IST" name="Suite" finished-at="2024-04-27T01:57:33 IST" duration-ms="71">
    <groups>
    </groups>
    <test started-at="2024-04-27T01:57:32 IST" name="Test" finished-at="2024-04-27T01:57:33 IST" duration-ms="71">
      <class name="PushEvnets">
        <test-method signature="testss()[pri:0, instance:PushEvnets@20ce78ec]" started-at="2024-04-27T01:57:33 IST" name="testss" finished-at="2024-04-27T01:57:33 IST" duration-ms="10" status="PASS">
          <reporter-output>
          </reporter-output>
        </test-method> <!-- testss -->
      </class> <!-- PushEvnets -->
    </test> <!-- Test -->
  </suite> <!-- Suite -->
</testng-results>
